15/Jun/2024 15:34:27,680- SeleniumJavaHybridProject: URL Opened
15/Jun/2024 15:34:30,791- SeleniumJavaHybridProject: Username Entered
15/Jun/2024 15:34:30,868- SeleniumJavaHybridProject: Password Entered
15/Jun/2024 15:34:31,915- SeleniumJavaHybridProject: Clicked Login
15/Jun/2024 15:34:31,927- SeleniumJavaHybridProject: Title Verified
15/Jun/2024 15:45:04,782- SeleniumJavaHybridProject: URL Opened
15/Jun/2024 15:45:07,856- SeleniumJavaHybridProject: Username Entered
15/Jun/2024 15:45:07,926- SeleniumJavaHybridProject: Password Entered
15/Jun/2024 15:45:09,315- SeleniumJavaHybridProject: Clicked Login
15/Jun/2024 15:45:09,327- SeleniumJavaHybridProject: Title Verified
15/Jun/2024 15:46:06,583- SeleniumJavaHybridProject: URL Opened
15/Jun/2024 15:46:09,655- SeleniumJavaHybridProject: Username Entered
15/Jun/2024 15:46:09,761- SeleniumJavaHybridProject: Password Entered
15/Jun/2024 15:46:10,950- SeleniumJavaHybridProject: Clicked Login
15/Jun/2024 15:46:10,957- SeleniumJavaHybridProject: Title Verified
15/Jun/2024 15:48:58,371- SeleniumJavaHybridProject: URL Opened
15/Jun/2024 15:49:01,448- SeleniumJavaHybridProject: Username Entered
15/Jun/2024 15:49:01,545- SeleniumJavaHybridProject: Password Entered
15/Jun/2024 15:49:02,697- SeleniumJavaHybridProject: Clicked Login
15/Jun/2024 15:49:02,707- SeleniumJavaHybridProject: Title Verified
16/Jun/2024 13:07:24,352- SeleniumJavaHybridProject: URL Opened
16/Jun/2024 13:07:27,540- SeleniumJavaHybridProject: Username Entered
16/Jun/2024 13:07:27,720- SeleniumJavaHybridProject: Password Entered
16/Jun/2024 13:07:29,029- SeleniumJavaHybridProject: Clicked Login
16/Jun/2024 13:07:29,039- SeleniumJavaHybridProject: Title Verified
17/Jun/2024 13:02:30,238- SeleniumJavaHybridProject: URL Opened
17/Jun/2024 13:11:02,456- SeleniumJavaHybridProject: URL Opened
17/Jun/2024 13:11:05,569- SeleniumJavaHybridProject: Username Entered
17/Jun/2024 13:11:05,684- SeleniumJavaHybridProject: Password Entered
17/Jun/2024 13:11:07,351- SeleniumJavaHybridProject: Clicked Login
17/Jun/2024 13:11:07,364- SeleniumJavaHybridProject: Title Verified
17/Jun/2024 13:11:53,919- SeleniumJavaHybridProject: URL Opened
17/Jun/2024 13:11:57,010- SeleniumJavaHybridProject: Username Entered
17/Jun/2024 13:11:57,042- SeleniumJavaHybridProject: Password Entered
17/Jun/2024 13:11:58,336- SeleniumJavaHybridProject: Clicked Login
17/Jun/2024 13:11:58,340- SeleniumJavaHybridProject: Title Verified
17/Jun/2024 13:12:34,346- SeleniumJavaHybridProject: URL Opened
17/Jun/2024 13:12:37,486- SeleniumJavaHybridProject: Username Entered
17/Jun/2024 13:12:37,599- SeleniumJavaHybridProject: Password Entered
17/Jun/2024 13:12:38,786- SeleniumJavaHybridProject: Clicked Login
17/Jun/2024 13:12:38,799- SeleniumJavaHybridProject: Title Verified
17/Jun/2024 13:16:19,507- SeleniumJavaHybridProject: URL Opened
17/Jun/2024 13:16:22,582- SeleniumJavaHybridProject: Username Entered
17/Jun/2024 13:16:22,685- SeleniumJavaHybridProject: Password Entered
17/Jun/2024 13:16:23,936- SeleniumJavaHybridProject: Clicked Login
17/Jun/2024 13:16:23,943- SeleniumJavaHybridProject: Title Verified
18/Jun/2024 23:47:50,064- SeleniumJavaHybridProject: URL Opened
18/Jun/2024 23:47:53,119- SeleniumJavaHybridProject: Username Entered
18/Jun/2024 23:47:53,194- SeleniumJavaHybridProject: Password Entered
18/Jun/2024 23:47:54,299- SeleniumJavaHybridProject: Clicked Login
18/Jun/2024 23:47:54,303- SeleniumJavaHybridProject: Title Verified
18/Jun/2024 23:55:05,474- SeleniumJavaHybridProject: URL Opened
18/Jun/2024 23:55:08,536- SeleniumJavaHybridProject: Username Entered
18/Jun/2024 23:55:08,614- SeleniumJavaHybridProject: Password Entered
18/Jun/2024 23:55:09,915- SeleniumJavaHybridProject: Clicked Login
18/Jun/2024 23:55:09,921- SeleniumJavaHybridProject: Title Verified
19/Jun/2024 00:07:48,102- SeleniumJavaHybridProject: URL Opened
19/Jun/2024 00:07:51,171- SeleniumJavaHybridProject: Username Entered
19/Jun/2024 00:07:51,240- SeleniumJavaHybridProject: Password Entered
19/Jun/2024 00:07:51,275- SeleniumJavaHybridProject: Clicked Login
19/Jun/2024 00:07:52,314- SeleniumJavaHybridProject: Title Verified
19/Jun/2024 00:09:48,213- SeleniumJavaHybridProject: URL Opened
19/Jun/2024 00:09:51,282- SeleniumJavaHybridProject: Username Entered
19/Jun/2024 00:09:51,352- SeleniumJavaHybridProject: Password Entered
19/Jun/2024 00:09:52,376- SeleniumJavaHybridProject: Clicked Login
19/Jun/2024 00:09:52,382- SeleniumJavaHybridProject: Title Verified
19/Jun/2024 00:14:48,361- SeleniumJavaHybridProject: URL Opened
19/Jun/2024 00:14:51,416- SeleniumJavaHybridProject: Username Entered
19/Jun/2024 00:14:51,495- SeleniumJavaHybridProject: Password Entered
19/Jun/2024 00:14:51,535- SeleniumJavaHybridProject: Clicked Login
19/Jun/2024 00:14:52,531- SeleniumJavaHybridProject: Title Verified
19/Jun/2024 10:57:54,967- SeleniumJavaHybridProject: URL Opened
19/Jun/2024 10:57:58,047- SeleniumJavaHybridProject: Username Entered
19/Jun/2024 10:57:58,134- SeleniumJavaHybridProject: Password Entered
19/Jun/2024 10:57:59,194- SeleniumJavaHybridProject: Clicked Login
19/Jun/2024 10:57:59,203- SeleniumJavaHybridProject: Title Verified
19/Jun/2024 11:11:59,533- SeleniumJavaHybridProject: URL Opened
19/Jun/2024 11:12:00,085- SeleniumJavaHybridProject: URL Opened
19/Jun/2024 11:12:02,626- SeleniumJavaHybridProject: Username Entered
19/Jun/2024 11:12:02,701- SeleniumJavaHybridProject: Password Entered
19/Jun/2024 11:12:02,758- SeleniumJavaHybridProject: Clicked Login
19/Jun/2024 11:12:03,194- SeleniumJavaHybridProject: Username Entered
19/Jun/2024 11:12:03,274- SeleniumJavaHybridProject: Password Entered
19/Jun/2024 11:12:04,014- SeleniumJavaHybridProject: Title Verified
19/Jun/2024 11:12:04,715- SeleniumJavaHybridProject: Clicked Login
19/Jun/2024 11:12:04,734- SeleniumJavaHybridProject: Title Verified
19/Jun/2024 11:19:23,502- SeleniumJavaHybridProject: URL Opened
19/Jun/2024 11:20:07,691- SeleniumJavaHybridProject: URL Opened
19/Jun/2024 11:21:26,621- SeleniumJavaHybridProject: URL Opened
19/Jun/2024 11:29:51,129- SeleniumJavaHybridProject: URL Opened
19/Jun/2024 11:29:54,328- SeleniumJavaHybridProject: Username Entered
19/Jun/2024 11:29:54,441- SeleniumJavaHybridProject: Password Entered
19/Jun/2024 11:29:55,925- SeleniumJavaHybridProject: Clicked Login
19/Jun/2024 11:29:55,937- SeleniumJavaHybridProject: Title Verified
19/Jun/2024 11:30:55,675- SeleniumJavaHybridProject: URL Opened
19/Jun/2024 11:30:58,793- SeleniumJavaHybridProject: Username Entered
19/Jun/2024 11:30:58,901- SeleniumJavaHybridProject: Password Entered
19/Jun/2024 11:31:00,315- SeleniumJavaHybridProject: Clicked Login
19/Jun/2024 11:31:03,326- SeleniumJavaHybridProject: Title Verified
19/Jun/2024 11:32:41,129- SeleniumJavaHybridProject: URL Opened
19/Jun/2024 11:32:44,338- SeleniumJavaHybridProject: Username Entered
19/Jun/2024 11:32:44,437- SeleniumJavaHybridProject: Password Entered
19/Jun/2024 11:32:45,872- SeleniumJavaHybridProject: Clicked Login
19/Jun/2024 11:32:48,890- SeleniumJavaHybridProject: Title Verified
19/Jun/2024 11:34:00,083- SeleniumJavaHybridProject: URL Opened
19/Jun/2024 11:34:03,284- SeleniumJavaHybridProject: Username Entered
19/Jun/2024 11:34:03,421- SeleniumJavaHybridProject: Password Entered
19/Jun/2024 11:34:06,920- SeleniumJavaHybridProject: Clicked Login
19/Jun/2024 11:34:09,954- SeleniumJavaHybridProject: Title Verified
19/Jun/2024 11:39:32,012- SeleniumJavaHybridProject: URL Opened
19/Jun/2024 11:39:35,270- SeleniumJavaHybridProject: Username Entered
19/Jun/2024 11:39:35,394- SeleniumJavaHybridProject: Password Entered
19/Jun/2024 11:39:36,768- SeleniumJavaHybridProject: Clicked Login
19/Jun/2024 11:39:39,780- SeleniumJavaHybridProject: Title Verified
19/Jun/2024 11:42:46,506- SeleniumJavaHybridProject: URL Opened
19/Jun/2024 11:42:49,676- SeleniumJavaHybridProject: Username Entered
19/Jun/2024 11:42:49,815- SeleniumJavaHybridProject: Password Entered
19/Jun/2024 11:42:50,937- SeleniumJavaHybridProject: Clicked Login
19/Jun/2024 11:42:53,957- SeleniumJavaHybridProject: Title Verified
19/Jun/2024 16:03:02,039- SeleniumJavaHybridProject: URL Opened
19/Jun/2024 16:03:05,176- SeleniumJavaHybridProject: Username Entered
19/Jun/2024 16:03:05,256- SeleniumJavaHybridProject: Password Entered
19/Jun/2024 16:03:06,365- SeleniumJavaHybridProject: Clicked Login
19/Jun/2024 16:03:09,382- SeleniumJavaHybridProject: Title Verified
19/Jun/2024 16:05:42,472- SeleniumJavaHybridProject: URL Opened
19/Jun/2024 16:05:45,591- SeleniumJavaHybridProject: Username Entered
19/Jun/2024 16:05:45,664- SeleniumJavaHybridProject: Password Entered
19/Jun/2024 16:05:46,789- SeleniumJavaHybridProject: Clicked Login
19/Jun/2024 16:05:49,813- SeleniumJavaHybridProject: Title Verified
19/Jun/2024 16:09:45,880- SeleniumJavaHybridProject: URL Opened
19/Jun/2024 16:09:49,021- SeleniumJavaHybridProject: Username Entered
19/Jun/2024 16:09:49,095- SeleniumJavaHybridProject: Password Entered
19/Jun/2024 16:09:50,214- SeleniumJavaHybridProject: Clicked Login
19/Jun/2024 16:09:53,238- SeleniumJavaHybridProject: Title Verified
19/Jun/2024 16:09:58,869- SeleniumJavaHybridProject: URL Opened
19/Jun/2024 16:10:01,988- SeleniumJavaHybridProject: Username Entered
19/Jun/2024 16:10:02,096- SeleniumJavaHybridProject: Password Entered
19/Jun/2024 16:10:02,147- SeleniumJavaHybridProject: Clicked Login
19/Jun/2024 16:10:05,178- SeleniumJavaHybridProject: Title Verified
19/Jun/2024 16:16:44,686- SeleniumJavaHybridProject: URL Opened
19/Jun/2024 16:16:47,794- SeleniumJavaHybridProject: Username Entered
19/Jun/2024 16:16:47,867- SeleniumJavaHybridProject: Password Entered
19/Jun/2024 16:16:49,226- SeleniumJavaHybridProject: Clicked Login
19/Jun/2024 16:16:52,235- SeleniumJavaHybridProject: Title Verified
19/Jun/2024 16:16:55,697- SeleniumJavaHybridProject: URL Opened
19/Jun/2024 16:16:58,796- SeleniumJavaHybridProject: Username Entered
19/Jun/2024 16:16:58,874- SeleniumJavaHybridProject: Password Entered
19/Jun/2024 16:17:00,106- SeleniumJavaHybridProject: Clicked Login
19/Jun/2024 16:17:03,134- SeleniumJavaHybridProject: Title Verified
19/Jun/2024 16:53:42,900- SeleniumJavaHybridProject: URL Opened
19/Jun/2024 16:53:46,024- SeleniumJavaHybridProject: Username Entered
19/Jun/2024 16:53:46,097- SeleniumJavaHybridProject: Password Entered
19/Jun/2024 16:53:47,344- SeleniumJavaHybridProject: Clicked Login
19/Jun/2024 16:53:50,364- SeleniumJavaHybridProject: Title Verified
19/Jun/2024 16:55:52,671- SeleniumJavaHybridProject: URL Opened
19/Jun/2024 16:55:55,789- SeleniumJavaHybridProject: Username Entered
19/Jun/2024 16:55:55,867- SeleniumJavaHybridProject: Password Entered
19/Jun/2024 16:55:56,926- SeleniumJavaHybridProject: Clicked Login
19/Jun/2024 16:55:59,946- SeleniumJavaHybridProject: Title Verified
19/Jun/2024 17:38:01,356- SeleniumJavaHybridProject: URL Opened
19/Jun/2024 17:38:04,546- SeleniumJavaHybridProject: Username Entered
19/Jun/2024 17:38:04,625- SeleniumJavaHybridProject: Password Entered
19/Jun/2024 17:38:05,826- SeleniumJavaHybridProject: Clicked Login
19/Jun/2024 17:38:08,857- SeleniumJavaHybridProject: Title Verified
19/Jun/2024 21:02:47,532- SeleniumJavaHybridProject: URL Opened
19/Jun/2024 21:02:50,715- SeleniumJavaHybridProject: Username Entered
19/Jun/2024 21:02:50,890- SeleniumJavaHybridProject: Password Entered
19/Jun/2024 21:02:52,108- SeleniumJavaHybridProject: Clicked Login
19/Jun/2024 21:02:55,124- SeleniumJavaHybridProject: Title Verified
19/Jun/2024 21:04:48,915- SeleniumJavaHybridProject: URL Opened
19/Jun/2024 21:04:52,117- SeleniumJavaHybridProject: Username Entered
19/Jun/2024 21:04:52,193- SeleniumJavaHybridProject: Password Entered
19/Jun/2024 21:04:53,381- SeleniumJavaHybridProject: Clicked Login
19/Jun/2024 21:04:56,393- SeleniumJavaHybridProject: Title Verified
19/Jun/2024 21:23:55,896- SeleniumJavaHybridProject: URL Opened
19/Jun/2024 21:23:59,081- SeleniumJavaHybridProject: Username Entered
19/Jun/2024 21:23:59,228- SeleniumJavaHybridProject: Password Entered
19/Jun/2024 21:24:00,441- SeleniumJavaHybridProject: Clicked Login
19/Jun/2024 21:24:03,466- SeleniumJavaHybridProject: Title Verified
19/Jun/2024 22:40:38,147- SeleniumJavaHybridProject: URL Opened
19/Jun/2024 22:40:41,328- SeleniumJavaHybridProject: Username Entered
19/Jun/2024 22:40:41,425- SeleniumJavaHybridProject: Password Entered
19/Jun/2024 22:40:42,658- SeleniumJavaHybridProject: Clicked Login
19/Jun/2024 22:40:45,668- SeleniumJavaHybridProject: Title Verified
19/Jun/2024 22:48:53,278- SeleniumJavaHybridProject: URL Opened
19/Jun/2024 22:48:56,471- SeleniumJavaHybridProject: Username Entered
19/Jun/2024 22:48:56,698- SeleniumJavaHybridProject: Password Entered
19/Jun/2024 22:48:56,749- SeleniumJavaHybridProject: Clicked Login
19/Jun/2024 22:48:59,772- SeleniumJavaHybridProject: Title Verified
19/Jun/2024 22:51:20,755- SeleniumJavaHybridProject: URL Opened
19/Jun/2024 22:51:23,928- SeleniumJavaHybridProject: Username Entered
19/Jun/2024 22:51:24,068- SeleniumJavaHybridProject: Password Entered
19/Jun/2024 22:51:25,219- SeleniumJavaHybridProject: Clicked Login
19/Jun/2024 22:51:28,234- SeleniumJavaHybridProject: Title Verified
19/Jun/2024 22:53:15,897- SeleniumJavaHybridProject: URL Opened
19/Jun/2024 22:53:19,095- SeleniumJavaHybridProject: Username Entered
19/Jun/2024 22:53:19,194- SeleniumJavaHybridProject: Password Entered
19/Jun/2024 22:53:20,388- SeleniumJavaHybridProject: Clicked Login
19/Jun/2024 22:53:23,406- SeleniumJavaHybridProject: Title Verified
19/Jun/2024 23:02:27,174- SeleniumJavaHybridProject: URL Opened
19/Jun/2024 23:02:30,447- SeleniumJavaHybridProject: Username Entered
19/Jun/2024 23:02:30,601- SeleniumJavaHybridProject: Password Entered
19/Jun/2024 23:02:31,725- SeleniumJavaHybridProject: Clicked Login
19/Jun/2024 23:02:34,745- SeleniumJavaHybridProject: Title Verified
19/Jun/2024 23:03:41,255- SeleniumJavaHybridProject: URL Opened
19/Jun/2024 23:03:44,451- SeleniumJavaHybridProject: Username Entered
19/Jun/2024 23:03:44,591- SeleniumJavaHybridProject: Password Entered
19/Jun/2024 23:03:45,767- SeleniumJavaHybridProject: Clicked Login
19/Jun/2024 23:03:48,798- SeleniumJavaHybridProject: Title Verified
19/Jun/2024 23:13:25,152- SeleniumJavaHybridProject: URL Opened
19/Jun/2024 23:13:28,386- SeleniumJavaHybridProject: Username Entered
19/Jun/2024 23:13:28,555- SeleniumJavaHybridProject: Password Entered
19/Jun/2024 23:13:28,613- SeleniumJavaHybridProject: Clicked Login
19/Jun/2024 23:13:31,633- SeleniumJavaHybridProject: Title Verified
19/Jun/2024 23:14:29,502- SeleniumJavaHybridProject: URL Opened
19/Jun/2024 23:14:32,738- SeleniumJavaHybridProject: Username Entered
19/Jun/2024 23:14:32,930- SeleniumJavaHybridProject: Password Entered
19/Jun/2024 23:14:34,101- SeleniumJavaHybridProject: Clicked Login
19/Jun/2024 23:14:37,115- SeleniumJavaHybridProject: Title Verified
19/Jun/2024 23:15:50,053- SeleniumJavaHybridProject: URL Opened
19/Jun/2024 23:15:53,262- SeleniumJavaHybridProject: Username Entered
19/Jun/2024 23:15:53,377- SeleniumJavaHybridProject: Password Entered
19/Jun/2024 23:15:54,481- SeleniumJavaHybridProject: Clicked Login
19/Jun/2024 23:15:57,500- SeleniumJavaHybridProject: Title Verified
19/Jun/2024 23:17:04,787- SeleniumJavaHybridProject: URL Opened
19/Jun/2024 23:17:07,953- SeleniumJavaHybridProject: Username Entered
19/Jun/2024 23:17:08,074- SeleniumJavaHybridProject: Password Entered
19/Jun/2024 23:17:08,140- SeleniumJavaHybridProject: Clicked Login
19/Jun/2024 23:17:11,154- SeleniumJavaHybridProject: Title Verified
19/Jun/2024 23:20:25,192- SeleniumJavaHybridProject: URL Opened
19/Jun/2024 23:20:28,375- SeleniumJavaHybridProject: Username Entered
19/Jun/2024 23:20:28,468- SeleniumJavaHybridProject: Password Entered
19/Jun/2024 23:20:29,587- SeleniumJavaHybridProject: Clicked Login
19/Jun/2024 23:20:32,609- SeleniumJavaHybridProject: Title Verified
19/Jun/2024 23:24:44,731- SeleniumJavaHybridProject: URL Opened
19/Jun/2024 23:24:47,937- SeleniumJavaHybridProject: Username Entered
19/Jun/2024 23:24:48,102- SeleniumJavaHybridProject: Password Entered
19/Jun/2024 23:24:49,298- SeleniumJavaHybridProject: Clicked Login
19/Jun/2024 23:24:52,305- SeleniumJavaHybridProject: Title Verified
19/Jun/2024 23:29:48,611- SeleniumJavaHybridProject: URL Opened
19/Jun/2024 23:29:51,782- SeleniumJavaHybridProject: Username Entered
19/Jun/2024 23:29:51,917- SeleniumJavaHybridProject: Password Entered
19/Jun/2024 23:29:53,164- SeleniumJavaHybridProject: Clicked Login
19/Jun/2024 23:29:56,184- SeleniumJavaHybridProject: Title Verified
20/Jun/2024 12:08:13,657- SeleniumJavaHybridProject: URL Opened
20/Jun/2024 12:08:16,789- SeleniumJavaHybridProject: Username Entered
20/Jun/2024 12:08:16,855- SeleniumJavaHybridProject: Password Entered
20/Jun/2024 12:08:18,081- SeleniumJavaHybridProject: Clicked Login
20/Jun/2024 12:08:21,111- SeleniumJavaHybridProject: Title Verified
20/Jun/2024 12:10:25,551- SeleniumJavaHybridProject: URL Opened
20/Jun/2024 12:10:28,692- SeleniumJavaHybridProject: Username Entered
20/Jun/2024 12:10:28,765- SeleniumJavaHybridProject: Password Entered
20/Jun/2024 12:10:29,916- SeleniumJavaHybridProject: Clicked Login
20/Jun/2024 12:10:32,943- SeleniumJavaHybridProject: Title Verified
20/Jun/2024 12:28:03,096- SeleniumJavaHybridProject: URL Opened
20/Jun/2024 12:28:06,273- SeleniumJavaHybridProject: Username Entered
20/Jun/2024 12:28:06,353- SeleniumJavaHybridProject: Password Entered
20/Jun/2024 12:28:07,692- SeleniumJavaHybridProject: Clicked Login
20/Jun/2024 12:28:10,715- SeleniumJavaHybridProject: Title Verified
20/Jun/2024 12:48:05,765- SeleniumJavaHybridProject: URL Opened
20/Jun/2024 12:48:08,918- SeleniumJavaHybridProject: Username Entered
20/Jun/2024 12:48:09,004- SeleniumJavaHybridProject: Password Entered
20/Jun/2024 12:48:10,121- SeleniumJavaHybridProject: Clicked Login
20/Jun/2024 12:48:13,137- SeleniumJavaHybridProject: Title Verified
20/Jun/2024 12:51:36,598- SeleniumJavaHybridProject: URL Opened
20/Jun/2024 12:51:39,725- SeleniumJavaHybridProject: Username Entered
20/Jun/2024 12:51:39,801- SeleniumJavaHybridProject: Password Entered
20/Jun/2024 12:51:39,839- SeleniumJavaHybridProject: Clicked Login
20/Jun/2024 12:51:42,868- SeleniumJavaHybridProject: Title Verified
20/Jun/2024 12:54:00,278- SeleniumJavaHybridProject: URL Opened
20/Jun/2024 12:54:03,382- SeleniumJavaHybridProject: Username Entered
20/Jun/2024 12:54:03,467- SeleniumJavaHybridProject: Password Entered
20/Jun/2024 12:54:04,568- SeleniumJavaHybridProject: Clicked Login
20/Jun/2024 12:54:07,583- SeleniumJavaHybridProject: Title Verified
20/Jun/2024 13:02:20,259- SeleniumJavaHybridProject: URL Opened
20/Jun/2024 13:02:23,383- SeleniumJavaHybridProject: Username Entered
20/Jun/2024 13:02:23,469- SeleniumJavaHybridProject: Password Entered
20/Jun/2024 13:02:24,641- SeleniumJavaHybridProject: Clicked Login
20/Jun/2024 13:02:27,658- SeleniumJavaHybridProject: Title Verified
20/Jun/2024 13:04:30,867- SeleniumJavaHybridProject: URL Opened
20/Jun/2024 13:04:33,998- SeleniumJavaHybridProject: Username Entered
20/Jun/2024 13:04:34,071- SeleniumJavaHybridProject: Password Entered
20/Jun/2024 13:04:34,108- SeleniumJavaHybridProject: Clicked Login
20/Jun/2024 13:04:37,119- SeleniumJavaHybridProject: Title Verified
20/Jun/2024 13:06:00,322- SeleniumJavaHybridProject: URL Opened
20/Jun/2024 13:06:03,459- SeleniumJavaHybridProject: Username Entered
20/Jun/2024 13:06:03,530- SeleniumJavaHybridProject: Password Entered
20/Jun/2024 13:06:04,644- SeleniumJavaHybridProject: Clicked Login
20/Jun/2024 13:06:07,666- SeleniumJavaHybridProject: Title Verified
20/Jun/2024 13:10:24,630- SeleniumJavaHybridProject: URL Opened
20/Jun/2024 13:10:27,761- SeleniumJavaHybridProject: Username Entered
20/Jun/2024 13:10:27,837- SeleniumJavaHybridProject: Password Entered
20/Jun/2024 13:10:28,892- SeleniumJavaHybridProject: Clicked Login
20/Jun/2024 13:10:31,908- SeleniumJavaHybridProject: Title Verified
20/Jun/2024 13:10:37,454- SeleniumJavaHybridProject: URL Opened
20/Jun/2024 13:10:40,640- SeleniumJavaHybridProject: Username Entered
20/Jun/2024 13:10:40,727- SeleniumJavaHybridProject: Password Entered
20/Jun/2024 13:10:40,772- SeleniumJavaHybridProject: Clicked Login
20/Jun/2024 13:10:43,779- SeleniumJavaHybridProject: Title Verified
20/Jun/2024 13:10:58,660- SeleniumJavaHybridProject: URL Opened
20/Jun/2024 13:11:01,824- SeleniumJavaHybridProject: Username Entered
20/Jun/2024 13:11:01,911- SeleniumJavaHybridProject: Password Entered
20/Jun/2024 13:11:03,063- SeleniumJavaHybridProject: Clicked Login
20/Jun/2024 13:11:06,075- SeleniumJavaHybridProject: Title Verified
20/Jun/2024 13:27:06,547- SeleniumJavaHybridProject: URL Opened
20/Jun/2024 13:27:09,661- SeleniumJavaHybridProject: Username Entered
20/Jun/2024 13:27:09,733- SeleniumJavaHybridProject: Password Entered
20/Jun/2024 13:27:10,797- SeleniumJavaHybridProject: Clicked Login
20/Jun/2024 13:27:13,815- SeleniumJavaHybridProject: Title Verified
20/Jun/2024 13:45:26,373- SeleniumJavaHybridProject: URL Opened
20/Jun/2024 13:45:29,650- SeleniumJavaHybridProject: Username Entered
20/Jun/2024 13:45:29,833- SeleniumJavaHybridProject: Password Entered
20/Jun/2024 13:45:31,088- SeleniumJavaHybridProject: Clicked Login
20/Jun/2024 13:45:34,110- SeleniumJavaHybridProject: Title Verified
20/Jun/2024 13:47:38,091- SeleniumJavaHybridProject: URL Opened
20/Jun/2024 13:47:41,292- SeleniumJavaHybridProject: Username Entered
20/Jun/2024 13:47:41,420- SeleniumJavaHybridProject: Password Entered
20/Jun/2024 13:47:41,474- SeleniumJavaHybridProject: Clicked Login
20/Jun/2024 13:47:44,493- SeleniumJavaHybridProject: Title Verified
20/Jun/2024 13:47:48,449- SeleniumJavaHybridProject: URL Opened
20/Jun/2024 13:47:51,661- SeleniumJavaHybridProject: Username Entered
20/Jun/2024 13:47:51,879- SeleniumJavaHybridProject: Password Entered
20/Jun/2024 13:47:53,080- SeleniumJavaHybridProject: Clicked Login
20/Jun/2024 13:47:56,107- SeleniumJavaHybridProject: Title Verified
20/Jun/2024 13:48:17,248- SeleniumJavaHybridProject: URL Opened
20/Jun/2024 13:48:20,454- SeleniumJavaHybridProject: Username Entered
20/Jun/2024 13:48:20,624- SeleniumJavaHybridProject: Password Entered
20/Jun/2024 13:48:20,679- SeleniumJavaHybridProject: Clicked Login
20/Jun/2024 13:48:23,690- SeleniumJavaHybridProject: Title Verified
22/Jun/2024 14:16:54,894- SeleniumJavaHybridProject: URL Opened
22/Jun/2024 14:16:58,871- SeleniumJavaHybridProject: URL Opened
22/Jun/2024 14:17:05,039- SeleniumJavaHybridProject: URL Opened
22/Jun/2024 14:17:08,141- SeleniumJavaHybridProject: Username Entered
22/Jun/2024 14:17:08,204- SeleniumJavaHybridProject: Password Entered
22/Jun/2024 14:17:09,635- SeleniumJavaHybridProject: Clicked Login
22/Jun/2024 14:17:12,649- SeleniumJavaHybridProject: Title Verified
22/Jun/2024 14:22:37,277- SeleniumJavaHybridProject: URL Opened
22/Jun/2024 14:22:40,480- SeleniumJavaHybridProject: Username Entered
22/Jun/2024 14:22:40,567- SeleniumJavaHybridProject: Password Entered
22/Jun/2024 14:22:40,606- SeleniumJavaHybridProject: Clicked Login
22/Jun/2024 14:22:43,641- SeleniumJavaHybridProject: Title Verified
22/Jun/2024 14:22:50,008- SeleniumJavaHybridProject: URL Opened
22/Jun/2024 14:22:53,159- SeleniumJavaHybridProject: Username Entered
22/Jun/2024 14:22:53,303- SeleniumJavaHybridProject: Password Entered
22/Jun/2024 14:22:54,400- SeleniumJavaHybridProject: Clicked Login
22/Jun/2024 14:22:57,417- SeleniumJavaHybridProject: Title Verified
22/Jun/2024 14:23:10,763- SeleniumJavaHybridProject: URL Opened
22/Jun/2024 14:23:14,056- SeleniumJavaHybridProject: Username Entered
22/Jun/2024 14:23:14,207- SeleniumJavaHybridProject: Password Entered
22/Jun/2024 14:23:15,535- SeleniumJavaHybridProject: Clicked Login
22/Jun/2024 14:23:18,661- SeleniumJavaHybridProject: Title Verified
